Determining if the pthread_create exist failed with the following output:
Change Dir: /home/kvu/Desktop/catkin_ws/build/CMakeFiles/CMakeTmp

Run Build Command:"/usr/bin/make" "cmTC_90a00/fast"
/usr/bin/make -f CMakeFiles/cmTC_90a00.dir/build.make CMakeFiles/cmTC_90a00.dir/build
make[1]: Entering directory '/home/kvu/Desktop/catkin_ws/build/CMakeFiles/CMakeTmp'
Building C object CMakeFiles/cmTC_90a00.dir/CheckSymbolExists.c.o
/usr/bin/cc    -o CMakeFiles/cmTC_90a00.dir/CheckSymbolExists.c.o   -c /home/kvu/Desktop/catkin_ws/build/CMakeFiles/CMakeTmp/CheckSymbolExists.c
Linking C executable cmTC_90a00
/usr/bin/cmake -E cmake_link_script CMakeFiles/cmTC_90a00.dir/link.txt --verbose=1
/usr/bin/cc      -rdynamic CMakeFiles/cmTC_90a00.dir/CheckSymbolExists.c.o  -o cmTC_90a00 
CMakeFiles/cmTC_90a00.dir/CheckSymbolExists.c.o: In function `main':
CheckSymbolExists.c:(.text+0x1b): undefined reference to `pthread_create'
collect2: error: ld returned 1 exit status
CMakeFiles/cmTC_90a00.dir/build.make:97: recipe for target 'cmTC_90a00' failed
make[1]: *** [cmTC_90a00] Error 1
make[1]: Leaving directory '/home/kvu/Desktop/catkin_ws/build/CMakeFiles/CMakeTmp'
Makefile:126: recipe for target 'cmTC_90a00/fast' failed
make: *** [cmTC_90a00/fast] Error 2

File /home/kvu/Desktop/catkin_ws/build/CMakeFiles/CMakeTmp/CheckSymbolExists.c:
/* */
#include <pthread.h>

int main(int argc, char** argv)
{
  (void)argv;
#ifndef pthread_create
  return ((int*)(&pthread_create))[argc];
#else
  (void)argc;
  return 0;
#endif
}

Determining if the function pthread_create exists in the pthreads failed with the following output:
Change Dir: /home/kvu/Desktop/catkin_ws/build/CMakeFiles/CMakeTmp

Run Build Command:"/usr/bin/make" "cmTC_daca9/fast"
/usr/bin/make -f CMakeFiles/cmTC_daca9.dir/build.make CMakeFiles/cmTC_daca9.dir/build
make[1]: Entering directory '/home/kvu/Desktop/catkin_ws/build/CMakeFiles/CMakeTmp'
Building C object CMakeFiles/cmTC_daca9.dir/CheckFunctionExists.c.o
/usr/bin/cc   -DCHECK_FUNCTION_EXISTS=pthread_create   -o CMakeFiles/cmTC_daca9.dir/CheckFunctionExists.c.o   -c /usr/share/cmake-3.10/Modules/CheckFunctionExists.c
Linking C executable cmTC_daca9
/usr/bin/cmake -E cmake_link_script CMakeFiles/cmTC_daca9.dir/link.txt --verbose=1
/usr/bin/cc  -DCHECK_FUNCTION_EXISTS=pthread_create    -rdynamic CMakeFiles/cmTC_daca9.dir/CheckFunctionExists.c.o  -o cmTC_daca9 -lpthreads 
/usr/bin/ld: cannot find -lpthreads
collect2: error: ld returned 1 exit status
CMakeFiles/cmTC_daca9.dir/build.make:97: recipe for target 'cmTC_daca9' failed
make[1]: *** [cmTC_daca9] Error 1
make[1]: Leaving directory '/home/kvu/Desktop/catkin_ws/build/CMakeFiles/CMakeTmp'
Makefile:126: recipe for target 'cmTC_daca9/fast' failed
make: *** [cmTC_daca9/fast] Error 2


